Arguments: 
  C:\Program Files\nodejs\node.exe C:\Program Files (x86)\Yarn\bin\yarn.js add echarts --silent --no-progress

PATH: 
  C:\Program Files\nodejs\node_modules\npm\node_modules\npm-lifecycle\node-gyp-bin;F:\aaaaaa\uloveits\client\node_modules\.bin;C:\Program Files\nodejs\node_modules\npm\node_modules\npm-lifecycle\node-gyp-bin;F:\aaaaaa\uloveits\client\node_modules\.bin;C:\Program Files (x86)\Common Files\Oracle\Java\javapath;C:\Windows\system32;C:\Windows;C:\Windows\System32\Wbem;C:\Windows\System32\WindowsPowerShell\v1.0\;C:\Program Files\TortoiseSVN\bin;C:\Program Files\nodejs\;C:\Windows\System32\OpenSSH\;C:\Program Files\Git\cmd;C:\Program Files (x86)\Yarn\bin\;C:\Program Files\dotnet\;C:\Program Files\Microsoft SQL Server\130\Tools\Binn\;C:\Program Files\Java\jdk1.8.0_181\bin;C:\Users\Administrator\AppData\Roaming\npm;C:\Users\Administrator\AppData\Local\Microsoft\WindowsApps;C:\Users\Administrator\AppData\Local\Yarn\bin;D:\Egret Wing 3\bin

Yarn version: 
  1.12.3

Node version: 
  8.11.4

Platform: 
  win32 x64

Trace: 
  Error: EPERM: operation not permitted, unlink 'F:\aaaaaa\uloveits\client\node_modules\node-sass\vendor\win32-x64-57\binding.node'

npm manifest: 
  {
    "name": "uloveits",
    "version": "1.0.0",
    "private": true,
    "description": "loveing",
    "templateInfo": {
      "name": "wxcloud",
      "typescript": false,
      "css": "sass"
    },
    "scripts": {
      "build:weapp": "taro build --type weapp",
      "build:swan": "taro build --type swan",
      "build:alipay": "taro build --type alipay",
      "build:tt": "taro build --type tt",
      "build:h5": "taro build --type h5",
      "build:rn": "taro build --type rn",
      "dev:weapp": "npm run build:weapp -- --watch",
      "dev:swan": "npm run build:swan -- --watch",
      "dev:alipay": "npm run build:alipay -- --watch",
      "dev:tt": "npm run build:tt -- --watch",
      "dev:h5": "npm run build:h5 -- --watch",
      "dev:rn": "npm run build:rn -- --watch"
    },
    "author": "",
    "license": "MIT",
    "dependencies": {
      "@tarojs/components": "1.3.4",
      "@tarojs/async-await": "1.3.4",
      "@tarojs/router": "1.3.4",
      "@tarojs/taro": "1.3.4",
      "@tarojs/taro-alipay": "1.3.4",
      "@tarojs/taro-h5": "1.3.4",
      "@tarojs/taro-swan": "1.3.4",
      "@tarojs/taro-tt": "1.3.4",
      "@tarojs/taro-weapp": "1.3.4",
      "@tarojs/mobx": "1.3.4",
      "@tarojs/mobx-h5": "1.3.4",
      "@tarojs/mobx-rn": "1.3.4",
      "mobx": "4.8.0",
      "nervjs": "^1.4.0",
      "nerv-devtools": "^1.4.0",
      "taro-ui": "^2.0.0"
    },
    "devDependencies": {
      "@types/react": "^16.4.6",
      "@types/webpack-env": "^1.13.6",
      "@tarojs/plugin-babel": "1.3.4",
      "@tarojs/plugin-csso": "1.3.4",
      "@tarojs/plugin-sass": "1.3.4",
      "@tarojs/plugin-uglifyjs": "1.3.4",
      "@tarojs/webpack-runner": "1.3.4",
      "babel-plugin-transform-class-properties": "^6.24.1",
      "babel-plugin-transform-decorators-legacy": "^1.3.4",
      "babel-plugin-transform-jsx-stylesheet": "^0.6.5",
      "babel-plugin-transform-object-rest-spread": "^6.26.0",
      "babel-preset-env": "^1.6.1",
      "babel-eslint": "^8.2.3",
      "eslint": "^4.19.1",
      "eslint-config-taro": "1.3.4",
      "eslint-plugin-react": "^7.8.2",
      "eslint-plugin-import": "^2.12.0",
      "eslint-plugin-taro": "1.3.4"
    }
  }

yarn manifest: 
  No manifest

Lockfile: 
  No lockfile
